0 info it worked if it ends with ok
1 verbose cli [ 'node', '/usr/local/bin/npm', 'start' ]
2 info using npm@2.5.1
3 info using node@v0.10.25
4 verbose node symlink /usr/bin/node
5 verbose run-script [ 'prestart', 'start', 'poststart' ]
6 info prestart angular-phonecat@0.0.0
7 verbose unsafe-perm in lifecycle true
8 info start angular-phonecat@0.0.0
9 verbose unsafe-perm in lifecycle true
10 info angular-phonecat@0.0.0 Failed to exec start script
11 verbose stack Error: angular-phonecat@0.0.0 start: `http-server -a 0.0.0.0 -p 8000`
11 verbose stack Exit status 8
11 verbose stack     at EventEmitter.<anonymous> (/usr/local/lib/node_modules/npm/lib/utils/lifecycle.js:213:16)
11 verbose stack     at EventEmitter.emit (events.js:98:17)
11 verbose stack     at ChildProcess.<anonymous> (/usr/local/lib/node_modules/npm/lib/utils/spawn.js:14:12)
11 verbose stack     at ChildProcess.EventEmitter.emit (events.js:98:17)
11 verbose stack     at maybeClose (child_process.js:743:16)
11 verbose stack     at Process.ChildProcess._handle.onexit (child_process.js:810:5)
12 verbose pkgid angular-phonecat@0.0.0
13 verbose cwd /home/cabox/workspace
14 error Linux 2.6.32-042stab112.15
15 error argv "node" "/usr/local/bin/npm" "start"
16 error node v0.10.25
17 error npm  v2.5.1
18 error code ELIFECYCLE
19 error angular-phonecat@0.0.0 start: `http-server -a 0.0.0.0 -p 8000`
19 error Exit status 8
20 error Failed at the angular-phonecat@0.0.0 start script 'http-server -a 0.0.0.0 -p 8000'.
20 error This is most likely a problem with the angular-phonecat package,
20 error not with npm itself.
20 error Tell the author that this fails on your system:
20 error     http-server -a 0.0.0.0 -p 8000
20 error You can get their info via:
20 error     npm owner ls angular-phonecat
20 error There is likely additional logging output above.
21 verbose exit [ 1, true ]
